<?xml version="1.0" encoding="UTF-8"?>
<testsuite xmlns:xsi="http://www.w3.org/2001/XMLSchema-instance" xsi:noNamespaceSchemaLocation="https://maven.apache.org/surefire/maven-surefire-plugin/xsd/surefire-test-report-3.0.xsd" version="3.0" name="com.hubertstudios.coredsc.cloud.CloudTextFrameAssemblerTest" time="0.014" tests="3" errors="0" skipped="0" failures="0">
  <properties>
[...]
</properties>
  <testcase name="resetPreventsFragmentsFromLeakingAcrossConnections" classname="com.hubertstudios.coredsc.cloud.CloudTextFrameAssemblerTest" time="0.003"/>
  <testcase name="acceptsTheExactUtf8LimitAndResetsAfterAnOversizedMessage" classname="com.hubertstudios.coredsc.cloud.CloudTextFrameAssemblerTest" time="0.002"/>
  <testcase name="reassemblesFragmentsIncludingASurrogatePairSplitAcrossFrames" classname="com.hubertstudios.coredsc.cloud.CloudTextFrameAssemblerTest" time="0.006"/>
</testsuite>